#! /opt/homebrew/Cellar/icarus-verilog/13.0/bin/vvp
:ivl_version "13.0 (stable)" "(v13_0)";
:ivl_delay_selection "TYPICAL";
:vpi_time_precision - 12;
:vpi_module "/opt/homebrew/Cellar/icarus-verilog/13.0/lib/ivl/system.vpi";
:vpi_module "/opt/homebrew/Cellar/icarus-verilog/13.0/lib/ivl/vhdl_sys.vpi";
:vpi_module "/opt/homebrew/Cellar/icarus-verilog/13.0/lib/ivl/vhdl_textio.vpi";
:vpi_module "/opt/homebrew/Cellar/icarus-verilog/13.0/lib/ivl/v2005_math.vpi";
:vpi_module "/opt/homebrew/Cellar/icarus-verilog/13.0/lib/ivl/va_math.vpi";
:vpi_module "/opt/homebrew/Cellar/icarus-verilog/13.0/lib/ivl/v2009.vpi";
S_0x102526a00 .scope package, "$unit" "$unit" 2 1;
 .timescale 0 0;
S_0x10252c310 .scope module, "tb_seq_detector" "tb_seq_detector" 3 3;
 .timescale -9 -12;
v0x7e34640a0_0 .var "clk", 0 0;
v0x7e3464140_0 .net "detected", 0 0, v0x1025328b0_0;  1 drivers
v0x7e34641e0_0 .var "in", 0 0;
v0x7e3464280_0 .var "rst_n", 0 0;
S_0x10252c490 .scope task, "apply_bit" "apply_bit" 3 22, 3 22 0, S_0x10252c310;
 .timescale -9 -12;
v0x102526b80_0 .var "b", 0 0;
v0x102532550_0 .var/str "label";
E_0x7e3460000 .event posedge, v0x102532770_0;
E_0x7e3460400 .event negedge, v0x102532770_0;
TD_tb_seq_detector.apply_bit ;
    %wait E_0x7e3460400;
    %load/vec4 v0x102526b80_0;
    %store/vec4 v0x7e34641e0_0, 0, 1;
    %wait E_0x7e3460000;
    %delay 2000, 0;
    %vpi_call/w 3 25 "$display", "  %s | in=%b | state=%b | detected=%b", v0x102532550_0, v0x102526b80_0, v0x102532810_0, v0x7e3464140_0 {0 0 0};
    %end;
S_0x1025325f0 .scope module, "dut" "seq_detector" 3 7, 4 1 0, S_0x10252c310;
 .timescale -9 -12;
    .port_info 0 /INPUT 1 "clk";
    .port_info 1 /INPUT 1 "rst_n";
    .port_info 2 /INPUT 1 "in";
    .port_info 3 /OUTPUT 1 "detected";
enum0x10252eb70 .enum4 (3)
   "S0" 3'b000,
   "S1" 3'b001,
   "S2" 3'b010,
   "S3" 3'b011,
   "S4" 3'b100
 ;
v0x102532770_0 .net "clk", 0 0, v0x7e34640a0_0;  1 drivers
v0x102532810_0 .var "current_state", 2 0;
v0x1025328b0_0 .var "detected", 0 0;
v0x102532950_0 .net "in", 0 0, v0x7e34641e0_0;  1 drivers
v0x1025329f0_0 .var "next_state", 2 0;
v0x7e3464000_0 .net "rst_n", 0 0, v0x7e3464280_0;  1 drivers
E_0x7e3460440 .event anyedge, v0x102532810_0, v0x102532950_0;
E_0x7e3460480/0 .event negedge, v0x7e3464000_0;
E_0x7e3460480/1 .event posedge, v0x102532770_0;
E_0x7e3460480 .event/or E_0x7e3460480/0, E_0x7e3460480/1;
S_0x1025336f0 .scope task, "reset_dut" "reset_dut" 3 14, 3 14 0, S_0x10252c310;
 .timescale -9 -12;
TD_tb_seq_detector.reset_dut ;
    %pushi/vec4 0, 0, 1;
    %store/vec4 v0x7e3464280_0, 0, 1;
    %pushi/vec4 0, 0, 1;
    %store/vec4 v0x7e34641e0_0, 0, 1;
    %pushi/vec4 3, 0, 32;
T_1.0 %dup/vec4;
    %cmpi/s 0, 0, 32;
    %jmp/1xz T_1.1, 5;
    %jmp/1 T_1.1, 4;
    %subi 1, 0, 32;
    %wait E_0x7e3460000;
    %jmp T_1.0;
T_1.1 ;
    %pop/vec4 1;
    %wait E_0x7e3460400;
    %pushi/vec4 1, 0, 1;
    %store/vec4 v0x7e3464280_0, 0, 1;
    %wait E_0x7e3460000;
    %delay 1000, 0;
    %vpi_call/w 3 19 "$display", "  [reset] state=%b", v0x102532810_0 {0 0 0};
    %end;
    .scope S_0x1025325f0;
T_2 ;
    %wait E_0x7e3460480;
    %load/vec4 v0x7e3464000_0;
    %nor/r;
    %flag_set/vec4 8;
    %jmp/0xz  T_2.0, 8;
    %pushi/vec4 0, 0, 3;
    %assign/vec4 v0x102532810_0, 0;
    %jmp T_2.1;
T_2.0 ;
    %load/vec4 v0x1025329f0_0;
    %assign/vec4 v0x102532810_0, 0;
T_2.1 ;
    %jmp T_2;
    .thread T_2;
    .scope S_0x1025325f0;
T_3 ;
Ewait_0 .event/or E_0x7e3460440, E_0x0;
    %wait Ewait_0;
    %pushi/vec4 0, 0, 3;
    %store/vec4 v0x1025329f0_0, 0, 3;
    %pushi/vec4 0, 0, 1;
    %store/vec4 v0x1025328b0_0, 0, 1;
    %load/vec4 v0x102532810_0;
    %dup/vec4;
    %pushi/vec4 0, 0, 3;
    %cmp/u;
    %jmp/1 T_3.0, 6;
    %dup/vec4;
    %pushi/vec4 1, 0, 3;
    %cmp/u;
    %jmp/1 T_3.1, 6;
    %dup/vec4;
    %pushi/vec4 2, 0, 3;
    %cmp/u;
    %jmp/1 T_3.2, 6;
    %dup/vec4;
    %pushi/vec4 3, 0, 3;
    %cmp/u;
    %jmp/1 T_3.3, 6;
    %dup/vec4;
    %pushi/vec4 4, 0, 3;
    %cmp/u;
    %jmp/1 T_3.4, 6;
    %pushi/vec4 0, 0, 3;
    %store/vec4 v0x1025329f0_0, 0, 3;
    %jmp T_3.6;
T_3.0 ;
    %load/vec4 v0x102532950_0;
    %flag_set/vec4 8;
    %jmp/0xz  T_3.7, 8;
    %pushi/vec4 1, 0, 3;
    %store/vec4 v0x1025329f0_0, 0, 3;
    %jmp T_3.8;
T_3.7 ;
    %pushi/vec4 0, 0, 3;
    %store/vec4 v0x1025329f0_0, 0, 3;
T_3.8 ;
    %jmp T_3.6;
T_3.1 ;
    %load/vec4 v0x102532950_0;
    %nor/r;
    %flag_set/vec4 8;
    %jmp/0xz  T_3.9, 8;
    %pushi/vec4 2, 0, 3;
    %store/vec4 v0x1025329f0_0, 0, 3;
    %jmp T_3.10;
T_3.9 ;
    %pushi/vec4 1, 0, 3;
    %store/vec4 v0x1025329f0_0, 0, 3;
T_3.10 ;
    %jmp T_3.6;
T_3.2 ;
    %load/vec4 v0x102532950_0;
    %flag_set/vec4 8;
    %jmp/0xz  T_3.11, 8;
    %pushi/vec4 3, 0, 3;
    %store/vec4 v0x1025329f0_0, 0, 3;
    %jmp T_3.12;
T_3.11 ;
    %pushi/vec4 0, 0, 3;
    %store/vec4 v0x1025329f0_0, 0, 3;
T_3.12 ;
    %jmp T_3.6;
T_3.3 ;
    %load/vec4 v0x102532950_0;
    %flag_set/vec4 8;
    %jmp/0xz  T_3.13, 8;
    %pushi/vec4 4, 0, 3;
    %store/vec4 v0x1025329f0_0, 0, 3;
    %pushi/vec4 1, 0, 1;
    %store/vec4 v0x1025328b0_0, 0, 1;
    %jmp T_3.14;
T_3.13 ;
    %pushi/vec4 2, 0, 3;
    %store/vec4 v0x1025329f0_0, 0, 3;
T_3.14 ;
    %jmp T_3.6;
T_3.4 ;
    %load/vec4 v0x102532950_0;
    %flag_set/vec4 8;
    %jmp/0xz  T_3.15, 8;
    %pushi/vec4 1, 0, 3;
    %store/vec4 v0x1025329f0_0, 0, 3;
    %jmp T_3.16;
T_3.15 ;
    %pushi/vec4 2, 0, 3;
    %store/vec4 v0x1025329f0_0, 0, 3;
T_3.16 ;
    %jmp T_3.6;
T_3.6 ;
    %pop/vec4 1;
    %jmp T_3;
    .thread T_3, $push;
    .scope S_0x10252c310;
T_4 ;
    %pushi/vec4 0, 0, 1;
    %store/vec4 v0x7e34640a0_0, 0, 1;
    %end;
    .thread T_4;
    .scope S_0x10252c310;
T_5 ;
    %delay 5000, 0;
    %load/vec4 v0x7e34640a0_0;
    %inv;
    %store/vec4 v0x7e34640a0_0, 0, 1;
    %jmp T_5;
    .thread T_5;
    .scope S_0x10252c310;
T_6 ;
    %vpi_call/w 3 30 "$dumpfile", "waves.vcd" {0 0 0};
    %vpi_call/w 3 31 "$dumpvars", 32'sb00000000000000000000000000000000, S_0x10252c310 {0 0 0};
    %vpi_call/w 3 33 "$display", "\012=== TEST 1: Basic 1011 \342\200\224 expect detected on last bit ===" {0 0 0};
    %fork TD_tb_seq_detector.reset_dut, S_0x1025336f0;
    %join;
    %pushi/vec4 1, 0, 1;
    %store/vec4 v0x102526b80_0, 0, 1;
    %pushi/str "bit1";
    %store/str v0x102532550_0;
    %fork TD_tb_seq_detector.apply_bit, S_0x10252c490;
    %join;
    %pushi/vec4 0, 0, 1;
    %store/vec4 v0x102526b80_0, 0, 1;
    %pushi/str "bit2";
    %store/str v0x102532550_0;
    %fork TD_tb_seq_detector.apply_bit, S_0x10252c490;
    %join;
    %pushi/vec4 1, 0, 1;
    %store/vec4 v0x102526b80_0, 0, 1;
    %pushi/str "bit3";
    %store/str v0x102532550_0;
    %fork TD_tb_seq_detector.apply_bit, S_0x10252c490;
    %join;
    %pushi/vec4 1, 0, 1;
    %store/vec4 v0x102526b80_0, 0, 1;
    %pushi/str "bit4";
    %store/str v0x102532550_0;
    %fork TD_tb_seq_detector.apply_bit, S_0x10252c490;
    %join;
    %vpi_call/w 3 38 "$display", "\012=== TEST 2: Wrong pattern 1010 \342\200\224 expect no detection ===" {0 0 0};
    %fork TD_tb_seq_detector.reset_dut, S_0x1025336f0;
    %join;
    %pushi/vec4 1, 0, 1;
    %store/vec4 v0x102526b80_0, 0, 1;
    %pushi/str "bit1";
    %store/str v0x102532550_0;
    %fork TD_tb_seq_detector.apply_bit, S_0x10252c490;
    %join;
    %pushi/vec4 0, 0, 1;
    %store/vec4 v0x102526b80_0, 0, 1;
    %pushi/str "bit2";
    %store/str v0x102532550_0;
    %fork TD_tb_seq_detector.apply_bit, S_0x10252c490;
    %join;
    %pushi/vec4 1, 0, 1;
    %store/vec4 v0x102526b80_0, 0, 1;
    %pushi/str "bit3";
    %store/str v0x102532550_0;
    %fork TD_tb_seq_detector.apply_bit, S_0x10252c490;
    %join;
    %pushi/vec4 0, 0, 1;
    %store/vec4 v0x102526b80_0, 0, 1;
    %pushi/str "bit4";
    %store/str v0x102532550_0;
    %fork TD_tb_seq_detector.apply_bit, S_0x10252c490;
    %join;
    %vpi_call/w 3 43 "$display", "\012=== TEST 3: Overlapping 10111011 \342\200\224 expect detected TWICE ===" {0 0 0};
    %fork TD_tb_seq_detector.reset_dut, S_0x1025336f0;
    %join;
    %pushi/vec4 1, 0, 1;
    %store/vec4 v0x102526b80_0, 0, 1;
    %pushi/str "b1";
    %store/str v0x102532550_0;
    %fork TD_tb_seq_detector.apply_bit, S_0x10252c490;
    %join;
    %pushi/vec4 0, 0, 1;
    %store/vec4 v0x102526b80_0, 0, 1;
    %pushi/str "b2";
    %store/str v0x102532550_0;
    %fork TD_tb_seq_detector.apply_bit, S_0x10252c490;
    %join;
    %pushi/vec4 1, 0, 1;
    %store/vec4 v0x102526b80_0, 0, 1;
    %pushi/str "b3";
    %store/str v0x102532550_0;
    %fork TD_tb_seq_detector.apply_bit, S_0x10252c490;
    %join;
    %pushi/vec4 1, 0, 1;
    %store/vec4 v0x102526b80_0, 0, 1;
    %pushi/str "b4";
    %store/str v0x102532550_0;
    %fork TD_tb_seq_detector.apply_bit, S_0x10252c490;
    %join;
    %pushi/vec4 1, 0, 1;
    %store/vec4 v0x102526b80_0, 0, 1;
    %pushi/str "b5";
    %store/str v0x102532550_0;
    %fork TD_tb_seq_detector.apply_bit, S_0x10252c490;
    %join;
    %pushi/vec4 0, 0, 1;
    %store/vec4 v0x102526b80_0, 0, 1;
    %pushi/str "b6";
    %store/str v0x102532550_0;
    %fork TD_tb_seq_detector.apply_bit, S_0x10252c490;
    %join;
    %pushi/vec4 1, 0, 1;
    %store/vec4 v0x102526b80_0, 0, 1;
    %pushi/str "b7";
    %store/str v0x102532550_0;
    %fork TD_tb_seq_detector.apply_bit, S_0x10252c490;
    %join;
    %pushi/vec4 1, 0, 1;
    %store/vec4 v0x102526b80_0, 0, 1;
    %pushi/str "b8";
    %store/str v0x102532550_0;
    %fork TD_tb_seq_detector.apply_bit, S_0x10252c490;
    %join;
    %vpi_call/w 3 50 "$display", "\012=== TEST 4: Noisy 0001011 \342\200\224 expect detected once at end ===" {0 0 0};
    %fork TD_tb_seq_detector.reset_dut, S_0x1025336f0;
    %join;
    %pushi/vec4 0, 0, 1;
    %store/vec4 v0x102526b80_0, 0, 1;
    %pushi/str "b1";
    %store/str v0x102532550_0;
    %fork TD_tb_seq_detector.apply_bit, S_0x10252c490;
    %join;
    %pushi/vec4 0, 0, 1;
    %store/vec4 v0x102526b80_0, 0, 1;
    %pushi/str "b2";
    %store/str v0x102532550_0;
    %fork TD_tb_seq_detector.apply_bit, S_0x10252c490;
    %join;
    %pushi/vec4 0, 0, 1;
    %store/vec4 v0x102526b80_0, 0, 1;
    %pushi/str "b3";
    %store/str v0x102532550_0;
    %fork TD_tb_seq_detector.apply_bit, S_0x10252c490;
    %join;
    %pushi/vec4 1, 0, 1;
    %store/vec4 v0x102526b80_0, 0, 1;
    %pushi/str "b4";
    %store/str v0x102532550_0;
    %fork TD_tb_seq_detector.apply_bit, S_0x10252c490;
    %join;
    %pushi/vec4 0, 0, 1;
    %store/vec4 v0x102526b80_0, 0, 1;
    %pushi/str "b5";
    %store/str v0x102532550_0;
    %fork TD_tb_seq_detector.apply_bit, S_0x10252c490;
    %join;
    %pushi/vec4 1, 0, 1;
    %store/vec4 v0x102526b80_0, 0, 1;
    %pushi/str "b6";
    %store/str v0x102532550_0;
    %fork TD_tb_seq_detector.apply_bit, S_0x10252c490;
    %join;
    %pushi/vec4 1, 0, 1;
    %store/vec4 v0x102526b80_0, 0, 1;
    %pushi/str "b7";
    %store/str v0x102532550_0;
    %fork TD_tb_seq_detector.apply_bit, S_0x10252c490;
    %join;
    %vpi_call/w 3 56 "$display", "\012Done. Run: gtkwave waves.vcd" {0 0 0};
    %vpi_call/w 3 57 "$finish" {0 0 0};
    %end;
    .thread T_6;
# The file index is used to find the file name in the following table.
:file_names 5;
    "N/A";
    "<interactive>";
    "-";
    "tb/tb_seq_detector.sv";
    "rtl/seq_detector.sv";
